0
3360
7704
10748
14380
18490
22091
25386
29070
34699
34699
38479
42259
45535
49221
52492
56308
60124
63504
67293
70587
74376
78165
81463
85198
88933
92623
96313
99508
103198
106888
110128
113818
117508
121239
124969
128565
132160
135756
139432
143109
146290
149852
153413
156730
160046
163171
166296
169421
172261
175100
177940
180529
183119
185468
187817
190037
192258
194478
196368
198263
200157
201957
203757
205620
207483
209088
210946
212805
214454
216503
218553
220848
223143
225228
227759
230009
232259
235004
237589
240665
243740
246530
249734
252684
256074
259465
262601
266188
269774
273464
277154
280399
284188
287977
291320
295069
298817
302557
306296
309541
313276
317011
320332
324103
327433
331213
334993
338323
342148
345469
349240
353011
356237
360004
363770
367132
371020
374422
378247
382072
385406
389191
392980
396760
400540
403870
407695
411520
414850
418630
421960
425708
429457
432665
436355
440045
443659
447272
450463
454103
457744
461366
464984
468161
471815
475469
478628
482278
485927
489617
493307
496579
500300
504022
507262
510997
514282
518062
521842
525172
528952
532300
535648
539491
542857
546767
550678
554098
557932
561275
565073
568876
572228
576058
579887
583222
586961
590206
593986
597766
601096
604930
608764
612103
615928
619208
622939
626669
629986
633752
637064
640372
644111
647806
651500
655195
658939
662683
666287
669892
673496
677042
680588
684584
688094
691604
695114
698624
702598
706121
709645
713650
717223
720364
724000
727636
731285
734935
738188
741973
745757
749096
752836
756125
759905
763685
767465
771245
774562
778328
782095
785834
789574
793313
797053
800792
804064
807830
811597
815287
818977
822667
826447
830227
833516
837301
840635
843970
847799
851179
855049
858464
861880
865745
869116
872486
876361
879740
883606
887017
890428
894289
897659
901030
904940
908356
912271
916186
919606
923480
926864
930248
934078
937457
941327
945197
948563
952379
955709
959039
962869
966248
970118
973988
977318
981103
984388
988118
991849
995125
998959
1002793
1006532
1010272
1013521
1017260
1021000
1024690
1028380
1032070
1035800
1039531
1042771
1046420
1050070
1053755
1057441
1060681
1064416
1068151
1071328
1074955
1078231
1082002
1085773
1089053
1092761
1096069
1099808
1103548
1106752
1112191
1115644
1119404
1122732
1126540
1129822
1133752
1137220
1137280
