0
7320
11880
15248
18220
22205
26120
29652
32950
38340
38340
42111
45333
49005
52290
56025
59760
63000
66654
70308
73872
77436
80626
84307
87988
91674
95350
99391
103036
106681
110290
113899
117508
121068
124627
128232
131836
135441
139032
142623
146232
149841
153450
156809
160168
163183
166198
169188
172178
175373
178113
180854
183839
186424
189009
191300
193590
196130
198270
200409
202268
204126
205985
207785
209585
211479
213374
214929
216724
218315
219905
221991
223831
226171
228511
230651
233213
235526
238271
241021
243988
246960
249932
253163
256394
259384
262914
266444
270179
273914
277649
281384
285124
288364
292054
295744
299456
303169
306449
310184
313483
317267
321052
324391
328094
331793
335438
339083
342283
345932
349582
353182
356777
360373
363977
367582
371182
374782
378382
381973
385559
389105
392651
396197
399788
403379
406979
410579
414179
417788
421397
425002
428606
432211
435806
439402
443006
446611
450215
453820
457424
461024
464624
468679
472324
475969
479564
483160
486755
490441
494126
497735
501344
504953
508598
512243
515888
519533
523178
526873
530567
533816
537506
540742
544432
548122
551366
555056
558746
562310
565874
569074
572750
576427
580072
583721
586921
590575
594229
597928
601627
605326
608926
612526
615671
619271
622871
626471
630071
633703
637334
640966
644615
648265
651860
655451
659047
662633
666220
669721
673222
676723
680422
684121
687820
691555
695290
698579
702319
705604
709388
713173
716462
720242
723622
727001
730831
734215
738085
741496
744907
748768
752089
755864
759640
762925
766709
770494
773828
777662
780997
784768
788539
791819
795550
799280
802556
806287
809531
813316
817100
820435
824219
827549
831370
835190
838511
842327
846143
849460
853240
856583
860372
864161
867500
871330
875159
878980
882805
886090
889865
893641
896966
900787
904117
907942
913381
917158
920698
924716
928340
931475
935140
940420
947020
